KSYStreamerDemo/build/outputs/logs/manifest-merger-debug-report.txt
-- Merging decision tree log ---
manifest
ADDED from KSYStreamerDemo\AndroidManifest.xml:2:1-63:12
	package
		ADDED from KSYStreamerDemo\AndroidManifest.xml:3:11-43
	android:versionName
		ADDED from KSYStreamerDemo\AndroidManifest.xml:6:11-38
		INJECTED from KSYStreamerDemo\AndroidManifest.xml
		INJECTED from KSYStreamerDemo\AndroidManifest.xml
	android:versionCode
		ADDED from KSYStreamerDemo\AndroidManifest.xml:5:11-34
		INJECTED from KSYStreamerDemo\AndroidManifest.xml
		INJECTED from KSYStreamerDemo\AndroidManifest.xml
	xmlns:android
		ADDED from KSYStreamerDemo\AndroidManifest.xml:2:11-69
	android:installLocation
		ADDED from KSYStreamerDemo\AndroidManifest.xml:4:11-51
uses-sdk
ADDED from KSYStreamerDemo\AndroidManifest.xml:8:5-10:40
MERGED from [com.android.support:support-v4:24.0.0] AndroidManifest.xml:21:5-23:54
	tools:overrideLibrary
		ADDED from [com.android.support:support-v4:24.0.0] AndroidManifest.xml:23:9-51
	android:targetSdkVersion
		ADDED from KSYStreamerDemo\AndroidManifest.xml:10:9-38
		INJECTED from KSYStreamerDemo\AndroidManifest.xml
		INJECTED from KSYStreamerDemo\AndroidManifest.xml
	android:minSdkVersion
		ADDED from KSYStreamerDemo\AndroidManifest.xml:9:9-35
		INJECTED from KSYStreamerDemo\AndroidManifest.xml
		INJECTED from KSYStreamerDemo\AndroidManifest.xml
uses-permission#android.permission.READ_PHONE_STATE
ADDED from KSYStreamerDemo\AndroidManifest.xml:12:5-74
	android:name
		ADDED from KSYStreamerDemo\AndroidManifest.xml:12:22-72
uses-permission#android.permission.SYSTEM_ALERT_WINDOW
ADDED from KSYStreamerDemo\AndroidManifest.xml:13:5-77
	android:name
		ADDED from KSYStreamerDemo\AndroidManifest.xml:13:22-75
uses-permission#android.permission.INTERNET
ADDED from KSYStreamerDemo\AndroidManifest.xml:14:5-66
	android:name
		ADDED from KSYStreamerDemo\AndroidManifest.xml:14:22-64
uses-permission#android.permission.ACCESS_NETWORK_STATE
ADDED from KSYStreamerDemo\AndroidManifest.xml:15:5-78
	android:name
		ADDED from KSYStreamerDemo\AndroidManifest.xml:15:22-76
uses-permission#android.permission.READ_EXTERNAL_STORAGE
ADDED from KSYStreamerDemo\AndroidManifest.xml:16:5-79
	android:name
		ADDED from KSYStreamerDemo\AndroidManifest.xml:16:22-77
uses-permission#android.permission.READ_PHONE_SINTERNETWIFI_STATE
ADDED from KSYStreamerDemo\AndroidManifest.xml:17:5-88
	android:name
		ADDED from KSYStreamerDemo\AndroidManifest.xml:17:22-86
uses-permission#android.permission.WRITE_EXTERNAL_STORAGE
ADDED from KSYStreamerDemo\AndroidManifest.xml:18:5-80
	android:name
		ADDED from KSYStreamerDemo\AndroidManifest.xml:18:22-78
uses-permission#android.permission.ACCESS_WIFI_STATE
ADDED from KSYStreamerDemo\AndroidManifest.xml:19:5-75
	android:name
		ADDED from KSYStreamerDemo\AndroidManifest.xml:19:22-73
uses-permission#android.permission.CAMERA
ADDED from KSYStreamerDemo\AndroidManifest.xml:20:5-64
	android:name
		ADDED from KSYStreamerDemo\AndroidManifest.xml:20:22-62
uses-permission#android.permission.RECORD_AUDIO
ADDED from KSYStreamerDemo\AndroidManifest.xml:21:5-70
	android:name
		ADDED from KSYStreamerDemo\AndroidManifest.xml:21:22-68
uses-permission#android.permission.FLASHLIGHT
ADDED from KSYStreamerDemo\AndroidManifest.xml:22:5-68
	android:name
		ADDED from KSYStreamerDemo\AndroidManifest.xml:22:22-66
uses-feature#android.hardware.camera
ADDED from KSYStreamerDemo\AndroidManifest.xml:24:5-59
	android:name
		ADDED from KSYStreamerDemo\AndroidManifest.xml:24:19-57
uses-feature#android.hardware.camera.autofocus
ADDED from KSYStreamerDemo\AndroidManifest.xml:25:5-69
	android:name
		ADDED from KSYStreamerDemo\AndroidManifest.xml:25:19-67
uses-permission#android.permission.VIBRATE
ADDED from KSYStreamerDemo\AndroidManifest.xml:27:5-65
	android:name
		ADDED from KSYStreamerDemo\AndroidManifest.xml:27:22-63
application
ADDED from KSYStreamerDemo\AndroidManifest.xml:29:5-61:19
MERGED from [com.android.support:support-v4:24.0.0] AndroidManifest.xml:25:5-20
	android:launchMode
		ADDED from KSYStreamerDemo\AndroidManifest.xml:37:9-44
	android:anyDensity
		ADDED from KSYStreamerDemo\AndroidManifest.xml:32:9-34
	android:icon
		ADDED from KSYStreamerDemo\AndroidManifest.xml:34:9-45
	android:largeHeap
		ADDED from KSYStreamerDemo\AndroidManifest.xml:36:9-33
	android:screenOrientation
		ADDED from KSYStreamerDemo\AndroidManifest.xml:40:9-45
	android:label
		ADDED from KSYStreamerDemo\AndroidManifest.xml:35:9-41
	android:smallScreens
		ADDED from KSYStreamerDemo\AndroidManifest.xml:41:9-36
	android:hardwareAccelerated
		ADDED from KSYStreamerDemo\AndroidManifest.xml:33:9-43
	android:normalScreens
		ADDED from KSYStreamerDemo\AndroidManifest.xml:38:9-37
	android:allowBackup
		ADDED from KSYStreamerDemo\AndroidManifest.xml:30:9-36
	android:alwaysRetainTaskState
		ADDED from KSYStreamerDemo\AndroidManifest.xml:31:9-45
	android:persistent
		ADDED from KSYStreamerDemo\AndroidManifest.xml:39:9-35
	android:theme
		ADDED from KSYStreamerDemo\AndroidManifest.xml:42:9-46
activity#com.ksy.recordlib.demo.DemoActivity
ADDED from KSYStreamerDemo\AndroidManifest.xml:43:9-54:20
	android:screenOrientation
		ADDED from KSYStreamerDemo\AndroidManifest.xml:47:13-49
	android:launchMode
		ADDED from KSYStreamerDemo\AndroidManifest.xml:46:13-43
	android:configChanges
		ADDED from KSYStreamerDemo\AndroidManifest.xml:45:13-74
	android:theme
		ADDED from KSYStreamerDemo\AndroidManifest.xml:48:13-55
	android:name
		ADDED from KSYStreamerDemo\AndroidManifest.xml:44:13-63
intent-filter#android.intent.action.MAIN+android.intent.category.LAUNCHER
ADDED from KSYStreamerDemo\AndroidManifest.xml:49:13-53:29
action#android.intent.action.MAIN
ADDED from KSYStreamerDemo\AndroidManifest.xml:50:17-68
	android:name
		ADDED from KSYStreamerDemo\AndroidManifest.xml:50:25-66
category#android.intent.category.LAUNCHER
ADDED from KSYStreamerDemo\AndroidManifest.xml:52:17-76
	android:name
		ADDED from KSYStreamerDemo\AndroidManifest.xml:52:27-74
activity#com.ksy.recordlib.demo.CameraActivity
ADDED from KSYStreamerDemo\AndroidManifest.xml:56:9-60:67
	android:launchMode
		ADDED from KSYStreamerDemo\AndroidManifest.xml:59:13-43
	android:configChanges
		ADDED from KSYStreamerDemo\AndroidManifest.xml:58:13-74
	android:theme
		ADDED from KSYStreamerDemo\AndroidManifest.xml:60:13-55
	android:name
		ADDED from KSYStreamerDemo\AndroidManifest.xml:57:13-65